Starting Neat with population of 100 for 100 generations
----- Generation 1 -----
Generation 1 Best = 2825.3021172098315
Generation 1 Worst = 10000

----- Generation 2 -----
Generation 2 Best = 1708.4020937499977
Generation 2 Worst = 10000

----- Generation 3 -----
Generation 3 Best = 1708.4020937499977
Generation 3 Worst = 10000

----- Generation 4 -----
Generation 4 Best = 1493.4622929850252
Generation 4 Worst = 10000

----- Generation 5 -----
Generation 5 Best = 1493.4622929850252
Generation 5 Worst = 10000

----- Generation 6 -----
Generation 6 Best = 1493.4622929850252
Generation 6 Worst = 10000

----- Generation 7 -----
Generation 7 Best = 1493.4622929850252
Generation 7 Worst = 10000

----- Generation 8 -----
Generation 8 Best = 1493.4622929850252
Generation 8 Worst = 10000

----- Generation 9 -----
Generation 9 Best = 1493.4622929850252
Generation 9 Worst = 10000

----- Generation 10 -----
Generation 10 Best = 1493.4622929850252
Generation 10 Worst = 10000

----- Generation 11 -----
Generation 11 Best = 1493.4622929850252
Generation 11 Worst = 10000

----- Generation 12 -----
Generation 12 Best = 1453.4433799999902
Generation 12 Worst = 10000

----- Generation 13 -----
Generation 13 Best = 1453.4433799999902
Generation 13 Worst = 10000

----- Generation 14 -----
Generation 14 Best = 1416.6678166875136
Generation 14 Worst = 10000

----- Generation 15 -----
Generation 15 Best = 1416.481276625016
Generation 15 Worst = 10000

----- Generation 16 -----
Generation 16 Best = 1402.6977671650184
Generation 16 Worst = 10000

----- Generation 17 -----
Generation 17 Best = 1402.6977671650184
Generation 17 Worst = 10000

----- Generation 18 -----
Generation 18 Best = 1402.6977671650184
Generation 18 Worst = 10000

----- Generation 19 -----
Generation 19 Best = 1402.6977671650184
Generation 19 Worst = 10000

----- Generation 20 -----
Generation 20 Best = 1402.6977671650184
Generation 20 Worst = 10000

----- Generation 21 -----
Generation 21 Best = 1402.6977671650184
Generation 21 Worst = 10000

----- Generation 22 -----
Generation 22 Best = 1402.6977671650184
Generation 22 Worst = 10000

----- Generation 23 -----
Generation 23 Best = 1196.4146112350313
Generation 23 Worst = 10000

----- Generation 24 -----
Generation 24 Best = 1196.4146112350313
Generation 24 Worst = 10000

----- Generation 25 -----
Generation 25 Best = 1196.4146112350313
Generation 25 Worst = 10000

----- Generation 26 -----
Generation 26 Best = 1196.4146112350313
Generation 26 Worst = 10000

----- Generation 27 -----
Generation 27 Best = 1196.4146112350313
Generation 27 Worst = 10000

----- Generation 28 -----
Generation 28 Best = 1196.4146112350313
Generation 28 Worst = 10000

----- Generation 29 -----
Generation 29 Best = 1196.4146112350313
Generation 29 Worst = 10000

----- Generation 30 -----
Generation 30 Best = 1196.1765363775419
Generation 30 Worst = 10000

----- Generation 31 -----
Generation 31 Best = 1196.1765363775419
Generation 31 Worst = 10000

----- Generation 32 -----
Generation 32 Best = 1196.1765363775419
Generation 32 Worst = 10000

----- Generation 33 -----
Generation 33 Best = 1196.1765363775419
Generation 33 Worst = 10000

----- Generation 34 -----
Generation 34 Best = 1196.1765363775419
Generation 34 Worst = 10000

----- Generation 35 -----
Generation 35 Best = 1196.1765363775419
Generation 35 Worst = 10000

----- Generation 36 -----
Generation 36 Best = 1196.1765363775419
Generation 36 Worst = 10000

----- Generation 37 -----
Generation 37 Best = 1196.1765363775419
Generation 37 Worst = 10000

----- Generation 38 -----
Generation 38 Best = 1195.8845893275386
Generation 38 Worst = 10000

----- Generation 39 -----
Generation 39 Best = 1070.6589055825648
Generation 39 Worst = 10000

----- Generation 40 -----
Generation 40 Best = 1070.6589055825648
Generation 40 Worst = 10000

----- Generation 41 -----
Generation 41 Best = 1070.6589055825648
Generation 41 Worst = 10000

----- Generation 42 -----
Generation 42 Best = 1070.6589055825648
Generation 42 Worst = 10000

----- Generation 43 -----
Generation 43 Best = 1070.6589055825648
Generation 43 Worst = 10000

----- Generation 44 -----
Generation 44 Best = 1070.125383507565
Generation 44 Worst = 10000

----- Generation 45 -----
Generation 45 Best = 1070.125383507565
Generation 45 Worst = 10000

----- Generation 46 -----
Generation 46 Best = 1070.125383507565
Generation 46 Worst = 10000

----- Generation 47 -----
Generation 47 Best = 985.4250287875797
Generation 47 Worst = 10000

----- Generation 48 -----
Generation 48 Best = 985.4250287875797
Generation 48 Worst = 10000

----- Generation 49 -----
Generation 49 Best = 985.4250287875797
Generation 49 Worst = 10000

----- Generation 50 -----
Generation 50 Best = 985.4250287875797
Generation 50 Worst = 10000

----- Generation 51 -----
Generation 51 Best = 985.4250287875797
Generation 51 Worst = 10000

----- Generation 52 -----
Generation 52 Best = 985.4250287875797
Generation 52 Worst = 10000

----- Generation 53 -----
Generation 53 Best = 984.0955153650717
Generation 53 Worst = 10000

----- Generation 54 -----
Generation 54 Best = 984.0955153650717
Generation 54 Worst = 10000

----- Generation 55 -----
Generation 55 Best = 984.0955153650717
Generation 55 Worst = 10000

----- Generation 56 -----
Generation 56 Best = 984.0955153650717
Generation 56 Worst = 10000

----- Generation 57 -----
Generation 57 Best = 984.0955153650717
Generation 57 Worst = 10000

----- Generation 58 -----
Generation 58 Best = 984.0955153650717
Generation 58 Worst = 10000

----- Generation 59 -----
Generation 59 Best = 984.0955153650717
Generation 59 Worst = 10000

----- Generation 60 -----
Generation 60 Best = 984.0955153650717
Generation 60 Worst = 10000

----- Generation 61 -----
Generation 61 Best = 984.0955153650717
Generation 61 Worst = 10000

----- Generation 62 -----
Generation 62 Best = 984.0955153650717
Generation 62 Worst = 10000

----- Generation 63 -----
Generation 63 Best = 984.0955153650717
Generation 63 Worst = 10000

----- Generation 64 -----
Generation 64 Best = 921.3097582950484
Generation 64 Worst = 10000

----- Generation 65 -----
Generation 65 Best = 921.3097582950484
Generation 65 Worst = 10000

----- Generation 66 -----
Generation 66 Best = 921.3097582950484
Generation 66 Worst = 10000

----- Generation 67 -----
Generation 67 Best = 921.3097582950484
Generation 67 Worst = 10000

----- Generation 68 -----
Generation 68 Best = 921.3097582950484
Generation 68 Worst = 10000

----- Generation 69 -----
Generation 69 Best = 921.3097582950484
Generation 69 Worst = 10000

----- Generation 70 -----
Generation 70 Best = 921.3097582950484
Generation 70 Worst = 10000

----- Generation 71 -----
Generation 71 Best = 920.8591469500242
Generation 71 Worst = 10000

----- Generation 72 -----
Generation 72 Best = 920.8591469500242
Generation 72 Worst = 10000

----- Generation 73 -----
Generation 73 Best = 920.8591469500242
Generation 73 Worst = 10000

----- Generation 74 -----
Generation 74 Best = 920.8591469500242
Generation 74 Worst = 10000

----- Generation 75 -----
Generation 75 Best = 920.8591469500242
Generation 75 Worst = 10000

----- Generation 76 -----
Generation 76 Best = 920.8591469500242
Generation 76 Worst = 10000

----- Generation 77 -----
Generation 77 Best = 920.8591469500242
Generation 77 Worst = 16967.4919288576

----- Generation 78 -----
Generation 78 Best = 920.8591469500242
Generation 78 Worst = 16967.4919288576

----- Generation 79 -----
Generation 79 Best = 920.8591469500242
Generation 79 Worst = 16967.4919288576

----- Generation 80 -----
Generation 80 Best = 872.2802035225257
Generation 80 Worst = 16967.4919288576

----- Generation 81 -----
Generation 81 Best = 872.2802035225257
Generation 81 Worst = 16967.4919288576

----- Generation 82 -----
Generation 82 Best = 872.2802035225257
Generation 82 Worst = 16967.4919288576

----- Generation 83 -----
Generation 83 Best = 834.1515564224838
Generation 83 Worst = 16967.4919288576

----- Generation 84 -----
Generation 84 Best = 834.1515564224838
Generation 84 Worst = 16967.4919288576

----- Generation 85 -----
Generation 85 Best = 834.1515564224838
Generation 85 Worst = 16937.986200159983

----- Generation 86 -----
Generation 86 Best = 834.0415145199773
Generation 86 Worst = 10000

----- Generation 87 -----
Generation 87 Best = 834.0415145199773
Generation 87 Worst = 10000

----- Generation 88 -----
Generation 88 Best = 834.0415145199773
Generation 88 Worst = 10000

----- Generation 89 -----
Generation 89 Best = 834.0415145199773
Generation 89 Worst = 10000

----- Generation 90 -----
Generation 90 Best = 834.0415145199773
Generation 90 Worst = 10000

----- Generation 91 -----
Generation 91 Best = 834.0415145199773
Generation 91 Worst = 10000

----- Generation 92 -----
Generation 92 Best = 833.8418794050067
Generation 92 Worst = 2727.486269452368

----- Generation 93 -----
Generation 93 Best = 833.8418794050067
Generation 93 Worst = 2727.486269452368

----- Generation 94 -----
Generation 94 Best = 833.8418794050067
Generation 94 Worst = 2727.486269452368

----- Generation 95 -----
Generation 95 Best = 833.8418794050067
Generation 95 Worst = 2727.486269452368

----- Generation 96 -----
Generation 96 Best = 833.8418794050067
Generation 96 Worst = 2727.486269452368

----- Generation 97 -----
Generation 97 Best = 833.0614217950292
Generation 97 Worst = 2727.486269452368

----- Generation 98 -----
Generation 98 Best = 776.3870253801181
Generation 98 Worst = 2727.486269452368

----- Generation 99 -----
Generation 99 Best = 776.3870253801181
Generation 99 Worst = 10000

----- Generation 100 -----
Generation 100 Best = 776.3870253801181
Generation 100 Worst = 2727.486269452368

-------------------------------------
No OF Species = 26
Rise Time = 3.217